<?xml version="1.0" encoding="UTF-8"?>
<!-- Generated by org.testng.reporters.JUnitReportReporter -->
<testsuite hostname="Testriq-20s-MacBook-Pro.local" failures="0" tests="1" name="com.watch.site.contact_us.TestContactUsPage" time="92.140" errors="0" timestamp="2025-05-21T22:08:35 IST" skipped="0">
  <testcase classname="com.watch.site.contact_us.TestContactUsPage" name="test" time="92.140"/>
</testsuite> <!-- com.watch.site.contact_us.TestContactUsPage -->
