<?xml version="1.0" encoding="UTF-8"?>
<!-- Generated by org.testng.reporters.JUnitReportReporter -->
<testsuite hostname="Testriq-20s-MacBook-Pro.local" failures="0" tests="1" name="ecubix_practice.testing" time="0.175" errors="0" timestamp="2025-05-06T23:32:07 IST" skipped="0">
  <testcase classname="ecubix_practice.testing" name="test" time="0.175"/>
</testsuite> <!-- ecubix_practice.testing -->
