<?xml version="1.0" encoding="UTF-8"?>
<!-- Generated by org.testng.reporters.JUnitReportReporter -->
<testsuite hostname="Testriq-20s-MacBook-Pro.local" failures="0" tests="1" name="test_1.testing02" time="23.841" errors="0" timestamp="2025-05-14T08:00:27 IST" skipped="0">
  <testcase classname="test_1.testing02" name="test2" time="23.841"/>
</testsuite> <!-- test_1.testing02 -->
