<?xml version="1.0" encoding="UTF-8"?>
<!-- Generated by org.testng.reporters.JUnitReportReporter -->
<testsuite hostname="Testriq-20s-MacBook-Pro.local" failures="0" tests="1" name="test_1.testing01" time="11.418" errors="0" timestamp="2025-05-11T21:21:52 IST" skipped="0">
  <testcase classname="test_1.testing01" name="test" time="11.418"/>
</testsuite> <!-- test_1.testing01 -->
