<?xml version="1.0" encoding="UTF-8"?>
<!-- Generated by org.testng.reporters.JUnitReportReporter -->
<testsuite hostname="LOVELESH" failures="0" tests="1" name="com.watch.site.product.TestProductAddedToCart" time="22.515" errors="0" timestamp="2025-05-31T18:39:45 IST" skipped="0">
  <testcase classname="com.watch.site.product.TestProductAddedToCart" name="testSuccessfulProductAddToCart" time="22.515"/>
</testsuite> <!-- com.watch.site.product.TestProductAddedToCart -->
