<?xml version="1.0" encoding="UTF-8"?>
<!-- Generated by org.testng.reporters.JUnitReportReporter -->
<testsuite hostname="LOVELESH" failures="0" tests="2" name="com.watch.site.search_result.TestSearchResultPage" time="25.267" errors="0" timestamp="2025-05-31T18:39:45 IST" skipped="0">
  <testcase classname="com.watch.site.search_result.TestSearchResultPage" name="testSearchFunctionalityWRTMatchingProduct" time="10.038"/>
  <testcase classname="com.watch.site.search_result.TestSearchResultPage" name="testSearchFunctionalityWRTNoMatchingProduct" time="15.229"/>
</testsuite> <!-- com.watch.site.search_result.TestSearchResultPage -->
